 ---------------------------------------------------------------
 Vortex Lattice Output -- Total Forces

 Configuration: eSTOL POC March 2019                                        
     # Surfaces =   9
     # Strips   =  84
     # Vortices = 912

  Sref =  17.950       Cref =  1.3710       Bref =  13.000    
  Xref =  1.8000       Yref =  0.0000       Zref =  0.0000    

 Standard axis orientation,  X fwd, Z down         

 Run case:  -unnamed-                              

  Alpha =   5.00000     pb/2V =  -0.00000     p'b/2V =  -0.00000
  Beta  =   0.00000     qc/2V =   0.00000
  Mach  =     0.000     rb/2V =  -0.00000     r'b/2V =  -0.00000

  CJtot =   1.14763     CQtot =   0.57382

  CXtot =  -0.06683     Cltot =  -0.00000     Cl'tot =  -0.00003
  CYtot =   0.00080     Cmtot =   0.00000
  CZtot =  -2.43939     Cntot =  -0.00032     Cn'tot =  -0.00031

  CLtot =   2.42428     CLff  =   2.07400    CYff  =   0.00213
  CDtot =   0.27918     CDff  =   0.17286        e =    0.7807

  CLcir =   1.89942     CLffc =   1.91290
  CLjet =   0.52487     CLffj =   0.16111

  CDind =   0.15213     CDffi =   0.15259    e_vec =    0.8413
  CDjet =   0.12706     CDffj =   0.02027
  CDvis =   0.00000     CDffv =   0.00000

   flap            =  15.00000
   aileron         =   0.00000
   elevator        =  28.99063
   rudder          =   0.00000

   CJet            =   0.00000
 ---------------------------------------------------------------

 Stability-axis derivatives...

                             alpha                beta
                  ----------------    ----------------
 z' force CL |    CLa =   6.503639    CLb =  -0.000874
 y  force CY |    CYa =   0.004754    CYb =  -1.493459
 x' mom.  Cl'|    Cla =  -0.000569    Clb =  -0.115195
 y  mom.  Cm |    Cma =   2.687154    Cmb =   0.003669
 z' mom.  Cn'|    Cna =  -0.001820    Cnb =   0.132380

                     roll rate  p'      pitch rate  q'        yaw rate  r'
                  ----------------    ----------------    ----------------
 z' force CL |    CLp =  -0.000024    CLq =   6.868341    CLr =   0.000752
 y  force CY |    CYp =   0.287290    CYq =   0.048523    CYr =   0.579517
 x' mom.  Cl'|    Clp =  -0.673085    Clq =  -0.002480    Clr =   0.291681
 y  mom.  Cm |    Cmp =   0.000177    Cmq = -39.633646    Cmr =  -0.003240
 z' mom.  Cn'|    Cnp =  -0.119834    Cnq =  -0.018865    Cnr =  -0.267553

                  flap         d1     aileron      d2     elevator     d3     rudder       d4 
                  ----------------    ----------------    ----------------    ----------------
 z' force CL |   CLd1 =   0.061584   CLd2 =   0.000000   CLd3 =   0.013634   CLd4 =  -0.000002
 y  force CY |   CYd1 =  -0.000029   CYd2 =   0.000069   CYd3 =   0.000014   CYd4 =  -0.004703
 x' mom.  Cl'|   Cld1 =  -0.000000   Cld2 =  -0.003208   Cld3 =  -0.000000   Cld4 =  -0.000249
 y  mom.  Cm |   Cmd1 =   0.057695   Cmd2 =  -0.000000   Cmd3 =  -0.053336   Cmd4 =   0.000006
 z' mom.  Cn'|   Cnd1 =   0.000012   Cnd2 =  -0.000090   Cnd3 =  -0.000005   Cnd4 =   0.002110
 Trefftz drag| CDffd1 =   0.006035 CDffd2 =  -0.000000 CDffd3 =   0.004767 CDffd4 =  -0.000013
 span eff.   |    ed1 =   0.010470    ed2 =   0.000001    ed3 =  -0.010513    ed4 =   0.000058



 Neutral point  Xnp =   1.233534

 Clb Cnr / Clr Cnb  =   0.798205    (  > 1 if spirally stable )
