 ---------------------------------------------------------------
 Vortex Lattice Output -- Total Forces

 Configuration: eSTOL POC March 2019                                        
     # Surfaces =   9
     # Strips   =  84
     # Vortices = 912

  Sref =  17.950       Cref =  1.3710       Bref =  13.000    
  Xref =  1.8000       Yref =  0.0000       Zref =  0.0000    

 Standard axis orientation,  X fwd, Z down         

 Run case:  -unnamed-                              

  Alpha =   5.00000     pb/2V =  -0.00000     p'b/2V =  -0.00000
  Beta  =   0.00000     qc/2V =  -0.00000
  Mach  =     0.000     rb/2V =  -0.00000     r'b/2V =  -0.00000

  CJtot =   1.14763     CQtot =   0.57382

  CXtot =   0.04365     Cltot =   0.00000     Cl'tot =  -0.00003
  CYtot =   0.00096     Cmtot =  -0.00000
  CZtot =  -1.09694     Cntot =  -0.00038     Cn'tot =  -0.00038

  CLtot =   1.09657     CLff  =   0.94938    CYff  =   0.00284
  CDtot =   0.05212     CDff  =   0.03650        e =    0.7748

  CLcir =   0.88652     CLffc =   0.88940
  CLjet =   0.21005     CLffj =   0.05998

  CDind =   0.03273     CDffi =   0.03269    e_vec =    0.8349
  CDjet =   0.01939     CDffj =   0.00380
  CDvis =   0.00000     CDffv =   0.00000

   flap            =  -2.00000
   aileron         =   0.00000
   elevator        =  10.55790
   rudder          =   0.00000

   CJet            =   0.00000
 ---------------------------------------------------------------

 Stability-axis derivatives...

                             alpha                beta
                  ----------------    ----------------
 z' force CL |    CLa =   6.769453    CLb =  -0.001140
 y  force CY |    CYa =   0.003948    CYb =  -1.467542
 x' mom.  Cl'|    Cla =  -0.000627    Clb =  -0.057010
 y  mom.  Cm |    Cma =   2.668447    Cmb =   0.004786
 z' mom.  Cn'|    Cna =  -0.001500    Cnb =   0.116177

                     roll rate  p'      pitch rate  q'        yaw rate  r'
                  ----------------    ----------------    ----------------
 z' force CL |    CLp =  -0.000032    CLq =   6.834406    CLr =   0.000982
 y  force CY |    CYp =   0.164444    CYq =   0.040655    CYr =   0.565052
 x' mom.  Cl'|    Clp =  -0.676341    Clq =  -0.002425    Clr =   0.200986
 y  mom.  Cm |    Cmp =   0.000236    Cmq = -39.192549    Cmr =  -0.004231
 z' mom.  Cn'|    Cnp =  -0.066594    Cnq =  -0.015781    Cnr =  -0.250836

                  flap         d1     aileron      d2     elevator     d3     rudder       d4 
                  ----------------    ----------------    ----------------    ----------------
 z' force CL |   CLd1 =   0.064699   CLd2 =   0.000000   CLd3 =   0.013755   CLd4 =  -0.000002
 y  force CY |   CYd1 =  -0.000027   CYd2 =   0.000049   CYd3 =   0.000012   CYd4 =  -0.004350
 x' mom.  Cl'|   Cld1 =  -0.000000   Cld2 =  -0.003208   Cld3 =  -0.000000   Cld4 =  -0.000228
 y  mom.  Cm |   Cmd1 =   0.058243   Cmd2 =  -0.000000   Cmd3 =  -0.052973   Cmd4 =   0.000008
 z' mom.  Cn'|   Cnd1 =   0.000011   Cnd2 =  -0.000081   Cnd3 =  -0.000005   Cnd4 =   0.001955
 Trefftz drag| CDffd1 =   0.002431 CDffd2 =  -0.000000 CDffd3 =   0.002199 CDffd4 =  -0.000019
 span eff.   |    ed1 =   0.030393    ed2 =   0.000004    ed3 =  -0.022524    ed4 =   0.000382



 Neutral point  Xnp =   1.259566

 Clb Cnr / Clr Cnb  =   0.612431    (  > 1 if spirally stable )
