 ---------------------------------------------------------------
 Vortex Lattice Output -- Total Forces

 Configuration: eSTOL POC March 2019                                        
     # Surfaces =   9
     # Strips   =  84
     # Vortices = 912

  Sref =  17.950       Cref =  1.3710       Bref =  13.000    
  Xref =  1.8000       Yref =  0.0000       Zref =  0.0000    

 Standard axis orientation,  X fwd, Z down         

 Run case:  -unnamed-                              

  Alpha =   5.00000     pb/2V =  -0.00000     p'b/2V =  -0.00000
  Beta  =   0.00000     qc/2V =   0.00000
  Mach  =     0.000     rb/2V =  -0.00000     r'b/2V =  -0.00000

  CJtot =   4.49025     CQtot =   1.13503

  CXtot =   1.89251     Cltot =  -0.00000     Cl'tot =  -0.00003
  CYtot =   0.00089     Cmtot =   0.00000
  CZtot =  -3.87739     Cntot =  -0.00035     Cn'tot =  -0.00035

  CLtot =   4.02758     CLff  =   2.63559    CYff  =   0.00659
  CDtot =  -1.54738     CDff  =  -1.94662        e =    0.6585

  CLcir =   1.97397     CLffc =   1.98955
  CLjet =   2.05360     CLffj =   0.64603

  CDind =   0.17569     CDffi =   0.17621    e_vec =    0.8584
  CDjet =  -1.72307     CDffj =  -2.12283
  CDvis =   0.00000     CDffv =   0.00000

   flap            =  15.00000
   aileron         =   0.00000
   elevator        =  34.51370
   rudder          =   0.00000

   CJet            =   3.00000
 ---------------------------------------------------------------

 Stability-axis derivatives...

                             alpha                beta
                  ----------------    ----------------
 z' force CL |    CLa =   9.448181    CLb =  -0.000953
 y  force CY |    CYa =   0.004741    CYb =  -2.622044
 x' mom.  Cl'|    Cla =  -0.000614    Clb =  -0.120564
 y  mom.  Cm |    Cma =   2.966831    Cmb =   0.004004
 z' mom.  Cn'|    Cna =  -0.001816    Cnb =   0.109562

                     roll rate  p'      pitch rate  q'        yaw rate  r'
                  ----------------    ----------------    ----------------
 z' force CL |    CLp =  -0.000026    CLq =   9.386106    CLr =   0.000821
 y  force CY |    CYp =   0.316847    CYq =   0.048458    CYr =   0.843080
 x' mom.  Cl'|    Clp =  -0.783913    Clq =  -0.002581    Clr =   0.296179
 y  mom.  Cm |    Cmp =   0.000195    Cmq = -39.221324    Cmr =  -0.003537
 z' mom.  Cn'|    Cnp =  -0.122796    Cnq =  -0.018881    Cnr =  -0.375227

                  flap         d1     aileron      d2     elevator     d3     rudder       d4 
                  ----------------    ----------------    ----------------    ----------------
 z' force CL |   CLd1 =   0.110139   CLd2 =   0.000000   CLd3 =   0.013609   CLd4 =  -0.000002
 y  force CY |   CYd1 =  -0.000030   CYd2 =   0.000071   CYd3 =   0.000014   CYd4 =  -0.004793
 x' mom.  Cl'|   Cld1 =  -0.000000   Cld2 =  -0.003208   Cld3 =  -0.000000   Cld4 =  -0.000254
 y  mom.  Cm |   Cmd1 =   0.068749   Cmd2 =  -0.000000   Cmd3 =  -0.053434   Cmd4 =   0.000007
 z' mom.  Cn'|   Cnd1 =   0.000012   Cnd2 =  -0.000091   Cnd3 =  -0.000005   Cnd4 =   0.002150
 Trefftz drag| CDffd1 =   0.007446 CDffd2 =  -0.000000 CDffd3 =   0.008073 CDffd4 =  -0.000043
 span eff.   |    ed1 =   0.014308    ed2 =   0.000001    ed3 =  -0.011133    ed4 =   0.000104



 Neutral point  Xnp =   1.369491

 Clb Cnr / Clr Cnb  =   1.394109    (  > 1 if spirally stable )
