 ---------------------------------------------------------------
 Vortex Lattice Output -- Total Forces

 Configuration: eSTOL POC March 2019                                        
     # Surfaces =   9
     # Strips   =  84
     # Vortices = 912

  Sref =  17.950       Cref =  1.3710       Bref =  13.000    
  Xref =  1.8000       Yref =  0.0000       Zref =  0.0000    

 Standard axis orientation,  X fwd, Z down         

 Run case:  -unnamed-                              

  Alpha =   5.00000     pb/2V =  -0.00000     p'b/2V =  -0.00000
  Beta  =   0.00000     qc/2V =   0.00000
  Mach  =     0.000     rb/2V =  -0.00000     r'b/2V =  -0.00000

  CJtot =   4.49025     CQtot =   1.13503

  CXtot =   2.25128     Cltot =   0.00000     Cl'tot =  -0.00003
  CYtot =   0.00098     Cmtot =   0.00000
  CZtot =  -1.54176     Cntot =  -0.00039     Cn'tot =  -0.00039

  CLtot =   1.73211     CLff  =   1.15433    CYff  =   0.00832
  CDtot =  -2.10834     CDff  =  -2.16647        e =    0.6433

  CLcir =   0.91027     CLffc =   0.91344
  CLjet =   0.82184     CLffj =   0.24089

  CDind =   0.03600     CDffi =   0.03596    e_vec =    0.8386
  CDjet =  -2.14434     CDffj =  -2.20243
  CDvis =   0.00000     CDffv =   0.00000

   flap            =  -2.00000
   aileron         =   0.00000
   elevator        =  12.28989
   rudder          =   0.00000

   CJet            =   3.00000
 ---------------------------------------------------------------

 Stability-axis derivatives...

                             alpha                beta
                  ----------------    ----------------
 z' force CL |    CLa =  10.050945    CLb =  -0.001165
 y  force CY |    CYa =   0.003944    CYb =  -2.591898
 x' mom.  Cl'|    Cla =  -0.000640    Clb =  -0.060244
 y  mom.  Cm |    Cma =   2.924096    Cmb =   0.004892
 z' mom.  Cn'|    Cna =  -0.001499    Cnb =   0.091310

                     roll rate  p'      pitch rate  q'        yaw rate  r'
                  ----------------    ----------------    ----------------
 z' force CL |    CLp =  -0.000033    CLq =   9.303408    CLr =   0.001004
 y  force CY |    CYp =   0.189209    CYq =   0.040635    CYr =   0.824821
 x' mom.  Cl'|    Clp =  -0.787155    Clq =  -0.002456    Clr =   0.202753
 y  mom.  Cm |    Cmp =   0.000242    Cmq = -38.694350    Cmr =  -0.004324
 z' mom.  Cn'|    Cnp =  -0.067166    Cnq =  -0.015786    Cnr =  -0.356621

                  flap         d1     aileron      d2     elevator     d3     rudder       d4 
                  ----------------    ----------------    ----------------    ----------------
 z' force CL |   CLd1 =   0.121984   CLd2 =   0.000000   CLd3 =   0.013747   CLd4 =  -0.000002
 y  force CY |   CYd1 =  -0.000027   CYd2 =   0.000050   CYd3 =   0.000013   CYd4 =  -0.004378
 x' mom.  Cl'|   Cld1 =  -0.000000   Cld2 =  -0.003208   Cld3 =  -0.000000   Cld4 =  -0.000229
 y  mom.  Cm |   Cmd1 =   0.070932   Cmd2 =  -0.000000   Cmd3 =  -0.053004   Cmd4 =   0.000008
 z' mom.  Cn'|   Cnd1 =   0.000011   Cnd2 =  -0.000082   Cnd3 =  -0.000005   Cnd4 =   0.001968
 Trefftz drag| CDffd1 =   0.002837 CDffd2 =  -0.000000 CDffd3 =   0.003733 CDffd4 =  -0.000063
 span eff.   |    ed1 =   0.038527    ed2 =   0.000003    ed3 =  -0.025256    ed4 =   0.000693



 Neutral point  Xnp =   1.401138

 Clb Cnr / Clr Cnb  =   1.160467    (  > 1 if spirally stable )
