 ---------------------------------------------------------------
 Vortex Lattice Output -- Total Forces

 Configuration: eSTOL POC March 2019                                        
     # Surfaces =   9
     # Strips   =  84
     # Vortices = 912

  Sref =  17.950       Cref =  1.3710       Bref =  13.000    
  Xref =  1.8000       Yref =  0.0000       Zref =  0.0000    

 Standard axis orientation,  X fwd, Z down         

 Run case:  -unnamed-                              

  Alpha =   5.00000     pb/2V =  -0.00000     p'b/2V =  -0.00000
  Beta  =   0.00000     qc/2V =  -0.00000
  Mach  =     0.000     rb/2V =  -0.00000     r'b/2V =  -0.00000

  CJtot =   4.49025     CQtot =   1.13503

  CXtot =   2.13984     Cltot =  -0.00000     Cl'tot =  -0.00003
  CYtot =   0.00095     Cmtot =  -0.00000
  CZtot =  -2.66403     Cntot =  -0.00037     Cn'tot =  -0.00037

  CLtot =   2.84039     CLff  =   1.85711    CYff  =   0.00753
  CDtot =  -1.89951     CDff  =  -2.08406        e =    0.6570

  CLcir =   1.41387     CLffc =   1.42166
  CLjet =   1.42653     CLffj =   0.43545

  CDind =   0.08806     CDffi =   0.08820    e_vec =    0.8565
  CDjet =  -1.98757     CDffj =  -2.17226
  CDvis =   0.00000     CDffv =   0.00000

   flap            =   6.00000
   aileron         =   0.00000
   elevator        =  22.87905
   rudder          =   0.00000

   CJet            =   3.00000
 ---------------------------------------------------------------

 Stability-axis derivatives...

                             alpha                beta
                  ----------------    ----------------
 z' force CL |    CLa =   9.822340    CLb =  -0.001067
 y  force CY |    CYa =   0.004319    CYb =  -2.606231
 x' mom.  Cl'|    Cla =  -0.000631    Clb =  -0.088704
 y  mom.  Cm |    Cma =   2.945036    Cmb =   0.004482
 z' mom.  Cn'|    Cna =  -0.001648    Cnb =   0.099970

                     roll rate  p'      pitch rate  q'        yaw rate  r'
                  ----------------    ----------------    ----------------
 z' force CL |    CLp =  -0.000030    CLq =   9.344008    CLr =   0.000919
 y  force CY |    CYp =   0.249440    CYq =   0.044315    CYr =   0.833545
 x' mom.  Cl'|    Clp =  -0.785629    Clq =  -0.002517    Clr =   0.246813
 y  mom.  Cm |    Cmp =   0.000220    Cmq = -38.945303    Cmr =  -0.003961
 z' mom.  Cn'|    Cnp =  -0.093427    Cnq =  -0.017243    Cnr =  -0.365442

                  flap         d1     aileron      d2     elevator     d3     rudder       d4 
                  ----------------    ----------------    ----------------    ----------------
 z' force CL |   CLd1 =   0.118481   CLd2 =   0.000000   CLd3 =   0.013682   CLd4 =  -0.000002
 y  force CY |   CYd1 =  -0.000028   CYd2 =   0.000060   CYd3 =   0.000013   CYd4 =  -0.004575
 x' mom.  Cl'|   Cld1 =  -0.000000   Cld2 =  -0.003208   Cld3 =  -0.000000   Cld4 =  -0.000241
 y  mom.  Cm |   Cmd1 =   0.070380   Cmd2 =  -0.000000   Cmd3 =  -0.053208   Cmd4 =   0.000008
 z' mom.  Cn'|   Cnd1 =   0.000011   Cnd2 =  -0.000086   Cnd3 =  -0.000005   Cnd4 =   0.002055
 Trefftz drag| CDffd1 =   0.005027 CDffd2 =  -0.000000 CDffd3 =   0.005869 CDffd4 =  -0.000054
 span eff.   |    ed1 =   0.021627    ed2 =   0.000001    ed3 =  -0.016219    ed4 =   0.000248



 Neutral point  Xnp =   1.388933

 Clb Cnr / Clr Cnb  =   1.313778    (  > 1 if spirally stable )
