 ---------------------------------------------------------------
 Vortex Lattice Output -- Total Forces

 Configuration: eSTOL POC March 2019                                        
     # Surfaces =   9
     # Strips   =  84
     # Vortices = 912

  Sref =  17.950       Cref =  1.3710       Bref =  13.000    
  Xref =  1.8000       Yref =  0.0000       Zref =  0.0000    

 Standard axis orientation,  X fwd, Z down         

 Run case:  -unnamed-                              

  Alpha =   5.00000     pb/2V =  -0.00000     p'b/2V =  -0.00000
  Beta  =   0.00000     qc/2V =   0.00000
  Mach  =     0.000     rb/2V =  -0.00000     r'b/2V =  -0.00000

  CJtot =   7.83287     CQtot =   1.49910

  CXtot =   4.24211     Cltot =  -0.00000     Cl'tot =  -0.00003
  CYtot =   0.00098     Cmtot =  -0.00000
  CZtot =  -5.27883     Cntot =  -0.00039     Cn'tot =  -0.00038

  CLtot =   5.62847     CLff  =   3.21548    CYff  =   0.01166
  CDtot =  -3.76589     CDff  =  -4.42767        e =    0.5615

  CLcir =   2.04612     CLffc =   2.06401
  CLjet =   3.58234     CLffj =   1.15148

  CDind =   0.20158     CDffi =   0.20213    e_vec =    0.8589
  CDjet =  -3.96747     CDffj =  -4.62980
  CDvis =   0.00000     CDffv =   0.00000

   flap            =  15.00000
   aileron         =   0.00000
   elevator        =  39.87813
   rudder          =   0.00000

   CJet            =   6.00000
 ---------------------------------------------------------------

 Stability-axis derivatives...

                             alpha                beta
                  ----------------    ----------------
 z' force CL |    CLa =  12.390531    CLb =  -0.001031
 y  force CY |    CYa =   0.004729    CYb =  -3.356181
 x' mom.  Cl'|    Cla =  -0.000660    Clb =  -0.125051
 y  mom.  Cm |    Cma =   3.159557    Cmb =   0.004330
 z' mom.  Cn'|    Cna =  -0.001812    Cnb =   0.095724

                     roll rate  p'      pitch rate  q'        yaw rate  r'
                  ----------------    ----------------    ----------------
 z' force CL |    CLp =  -0.000029    CLq =  11.042374    CLr =   0.000888
 y  force CY |    CYp =   0.338274    CYq =   0.048394    CYr =   1.015845
 x' mom.  Cl'|    Clp =  -0.855816    Clq =  -0.002678    Clr =   0.300381
 y  mom.  Cm |    Cmp =   0.000212    Cmq = -38.994192    Cmr =  -0.003826
 z' mom.  Cn'|    Cnp =  -0.125839    Cnq =  -0.018897    Cnr =  -0.445967

                  flap         d1     aileron      d2     elevator     d3     rudder       d4 
                  ----------------    ----------------    ----------------    ----------------
 z' force CL |   CLd1 =   0.158694   CLd2 =   0.000000   CLd3 =   0.013585   CLd4 =  -0.000002
 y  force CY |   CYd1 =  -0.000030   CYd2 =   0.000073   CYd3 =   0.000014   CYd4 =  -0.004881
 x' mom.  Cl'|   Cld1 =  -0.000000   Cld2 =  -0.003208   Cld3 =  -0.000000   Cld4 =  -0.000259
 y  mom.  Cm |   Cmd1 =   0.079804   Cmd2 =  -0.000000   Cmd3 =  -0.053529   Cmd4 =   0.000007
 z' mom.  Cn'|   Cnd1 =   0.000012   Cnd2 =  -0.000092   Cnd3 =  -0.000006   Cnd4 =   0.002189
 Trefftz drag| CDffd1 =   0.008635 CDffd2 =  -0.000000 CDffd3 =   0.012018 CDffd4 =  -0.000075
 span eff.   |    ed1 =   0.015605    ed2 =   0.000001    ed3 =  -0.010204    ed4 =   0.000104



 Neutral point  Xnp =   1.450398

 Clb Cnr / Clr Cnb  =   1.939541    (  > 1 if spirally stable )
