 ---------------------------------------------------------------
 Vortex Lattice Output -- Total Forces

 Configuration: eSTOL POC March 2019                                        
     # Surfaces =   9
     # Strips   =  84
     # Vortices = 912

  Sref =  17.950       Cref =  1.3710       Bref =  13.000    
  Xref =  1.8000       Yref =  0.0000       Zref =  0.0000    

 Standard axis orientation,  X fwd, Z down         

 Run case:  -unnamed-                              

  Alpha =   5.00000     pb/2V =  -0.00000     p'b/2V =  -0.00000
  Beta  =   0.00000     qc/2V =  -0.00000
  Mach  =     0.000     rb/2V =  -0.00000     r'b/2V =  -0.00000

  CJtot =   7.83287     CQtot =   1.49910

  CXtot =   4.65688     Cltot =  -0.00000     Cl'tot =  -0.00003
  CYtot =   0.00100     Cmtot =   0.00000
  CZtot =  -3.55677     Cntot =  -0.00039     Cn'tot =  -0.00039

  CLtot =   3.94911     CLff  =   2.24821    CYff  =   0.01295
  CDtot =  -4.32917     CDff  =  -4.63415        e =    0.5572

  CLcir =   1.46066     CLffc =   1.46949
  CLjet =   2.48846     CLffj =   0.77872

  CDind =   0.09970     CDffi =   0.09984    e_vec =    0.8523
  CDjet =  -4.42887     CDffj =  -4.73399
  CDvis =   0.00000     CDffv =   0.00000

   flap            =   6.00000
   aileron         =   0.00000
   elevator        =  26.32490
   rudder          =   0.00000

   CJet            =   6.00000
 ---------------------------------------------------------------

 Stability-axis derivatives...

                             alpha                beta
                  ----------------    ----------------
 z' force CL |    CLa =  12.977377    CLb =  -0.001117
 y  force CY |    CYa =   0.004311    CYb =  -3.338227
 x' mom.  Cl'|    Cla =  -0.000659    Clb =  -0.092110
 y  mom.  Cm |    Cma =   3.125602    Cmb =   0.004691
 z' mom.  Cn'|    Cna =  -0.001645    Cnb =   0.085094

                     roll rate  p'      pitch rate  q'        yaw rate  r'
                  ----------------    ----------------    ----------------
 z' force CL |    CLp =  -0.000031    CLq =  10.975598    CLr =   0.000962
 y  force CY |    CYp =   0.268441    CYq =   0.044274    CYr =   1.004389
 x' mom.  Cl'|    Clp =  -0.857526    Clq =  -0.002580    Clr =   0.249632
 y  mom.  Cm |    Cmp =   0.000231    Cmq = -38.674710    Cmr =  -0.004146
 z' mom.  Cn'|    Cnp =  -0.095262    Cnq =  -0.017253    Cnr =  -0.435225

                  flap         d1     aileron      d2     elevator     d3     rudder       d4 
                  ----------------    ----------------    ----------------    ----------------
 z' force CL |   CLd1 =   0.173200   CLd2 =   0.000000   CLd3 =   0.013666   CLd4 =  -0.000002
 y  force CY |   CYd1 =  -0.000029   CYd2 =   0.000061   CYd3 =   0.000013   CYd4 =  -0.004632
 x' mom.  Cl'|   Cld1 =  -0.000000   Cld2 =  -0.003208   Cld3 =  -0.000000   Cld4 =  -0.000244
 y  mom.  Cm |   Cmd1 =   0.082654   Cmd2 =  -0.000000   Cmd3 =  -0.053270   Cmd4 =   0.000008
 z' mom.  Cn'|   Cnd1 =   0.000011   Cnd2 =  -0.000087   Cnd3 =  -0.000005   Cnd4 =   0.002080
 Trefftz drag| CDffd1 =   0.005782 CDffd2 =  -0.000000 CDffd3 =   0.008798 CDffd4 =  -0.000093
 span eff.   |    ed1 =   0.023315    ed2 =   0.000001    ed3 =  -0.014866    ed4 =   0.000242



 Neutral point  Xnp =   1.469795

 Clb Cnr / Clr Cnb  =   1.887210    (  > 1 if spirally stable )
