 ---------------------------------------------------------------
 Vortex Lattice Output -- Total Forces

 Configuration: eSTOL POC March 2019                                        
     # Surfaces =   9
     # Strips   =  84
     # Vortices = 912

  Sref =  17.950       Cref =  1.3710       Bref =  13.000    
  Xref =  1.8000       Yref =  0.0000       Zref =  0.0000    

 Standard axis orientation,  X fwd, Z down         

 Run case:  -unnamed-                              

  Alpha =   5.00000     pb/2V =  -0.00000     p'b/2V =  -0.00000
  Beta  =   0.00000     qc/2V =  -0.00000
  Mach  =     0.000     rb/2V =  -0.00000     r'b/2V =  -0.00000

  CJtot =   7.83287     CQtot =   1.49910

  CXtot =   4.85151     Cltot =   0.00000     Cl'tot =  -0.00003
  CYtot =   0.00101     Cmtot =   0.00000
  CZtot =  -1.95024     Cntot =  -0.00040     Cn'tot =  -0.00040

  CLtot =   2.36566     CLff  =   1.36554    CYff  =   0.01399
  CDtot =  -4.66308     CDff  =  -4.75933        e =    0.5472

  CLcir =   0.93203     CLffc =   0.93549
  CLjet =   1.43363     CLffj =   0.43005

  CDind =   0.03927     CDffi =   0.03923    e_vec =    0.8370
  CDjet =  -4.70235     CDffj =  -4.79856
  CDvis =   0.00000     CDffv =   0.00000

   flap            =  -2.00000
   aileron         =   0.00000
   elevator        =  13.87870
   rudder          =   0.00000

   CJet            =   6.00000
 ---------------------------------------------------------------

 Stability-axis derivatives...

                             alpha                beta
                  ----------------    ----------------
 z' force CL |    CLa =  13.332552    CLb =  -0.001188
 y  force CY |    CYa =   0.003941    CYb =  -3.321823
 x' mom.  Cl'|    Cla =  -0.000653    Clb =  -0.062603
 y  mom.  Cm |    Cma =   3.092893    Cmb =   0.004988
 z' mom.  Cn'|    Cna =  -0.001498    Cnb =   0.075430

                     roll rate  p'      pitch rate  q'        yaw rate  r'
                  ----------------    ----------------    ----------------
 z' force CL |    CLp =  -0.000034    CLq =  10.911111    CLr =   0.001023
 y  force CY |    CYp =   0.205863    CYq =   0.040616    CYr =   0.993807
 x' mom.  Cl'|    Clp =  -0.859045    Clq =  -0.002485    Clr =   0.204234
 y  mom.  Cm |    Cmp =   0.000247    Cmq = -38.381690    Cmr =  -0.004409
 z' mom.  Cn'|    Cnp =  -0.067830    Cnq =  -0.015791    Cnr =  -0.425478

                  flap         d1     aileron      d2     elevator     d3     rudder       d4 
                  ----------------    ----------------    ----------------    ----------------
 z' force CL |   CLd1 =   0.179269   CLd2 =   0.000000   CLd3 =   0.013740   CLd4 =  -0.000002
 y  force CY |   CYd1 =  -0.000027   CYd2 =   0.000050   CYd3 =   0.000013   CYd4 =  -0.004404
 x' mom.  Cl'|   Cld1 =  -0.000000   Cld2 =  -0.003208   Cld3 =  -0.000000   Cld4 =  -0.000231
 y  mom.  Cm |   Cmd1 =   0.083621   Cmd2 =  -0.000000   Cmd3 =  -0.053032   Cmd4 =   0.000009
 z' mom.  Cn'|   Cnd1 =   0.000011   Cnd2 =  -0.000082   Cnd3 =  -0.000005   Cnd4 =   0.001979
 Trefftz drag| CDffd1 =   0.003180 CDffd2 =  -0.000000 CDffd3 =   0.005507 CDffd4 =  -0.000107
 span eff.   |    ed1 =   0.040881    ed2 =   0.000003    ed3 =  -0.023940    ed4 =   0.000698



 Neutral point  Xnp =   1.481955

 Clb Cnr / Clr Cnb  =   1.729040    (  > 1 if spirally stable )
